<?xml version="1.0" encoding="UTF-8"?>
<testsuite xmlns:xsi="http://www.w3.org/2001/XMLSchema-instance" xsi:noNamespaceSchemaLocation="https://maven.apache.org/surefire/maven-surefire-plugin/xsd/surefire-test-report.xsd" name="inventory.integration.step3.InventoryServiceTest" time="0.008" tests="9" errors="0" skipped="0" failures="0">
  <properties>
    <property name="java.specification.version" value="21"/>
    <property name="sun.cpu.isalist" value="amd64"/>
    <property name="sun.jnu.encoding" value="Cp1252"/>
    <property name="java.class.path" value="D:\VVSS\VVSS\02_Inventory\target\test-classes;C:\Users\haida\.m2\repository\javax\xml\bind\jaxb-api\2.3.0\jaxb-api-2.3.0.jar;C:\Users\haida\.m2\repository\com\sun\xml\bind\jaxb-impl\2.3.0\jaxb-impl-2.3.0.jar;C:\Users\haida\.m2\repository\javax\activation\activation\1.1.1\activation-1.1.1.jar;C:\Users\haida\.m2\repository\com\sun\xml\bind\jaxb-core\2.3.0\jaxb-core-2.3.0.jar;C:\Users\haida\.m2\repository\org\mockito\mockito-core\2.23.0\mockito-core-2.23.0.jar;C:\Users\haida\.m2\repository\net\bytebuddy\byte-buddy\1.9.0\byte-buddy-1.9.0.jar;C:\Users\haida\.m2\repository\net\bytebuddy\byte-buddy-agent\1.9.0\byte-buddy-agent-1.9.0.jar;C:\Users\haida\.m2\repository\org\objenesis\objenesis\2.6\objenesis-2.6.jar;C:\Users\haida\.m2\repository\org\mockito\mockito-junit-jupiter\2.23.0\mockito-junit-jupiter-2.23.0.jar;C:\Users\haida\.m2\repository\org\junit\jupiter\junit-jupiter-engine\5.6.0\junit-jupiter-engine-5.6.0.jar;C:\Users\haida\.m2\repository\org\apiguardian\apiguardian-api\1.1.0\apiguardian-api-1.1.0.jar;C:\Users\haida\.m2\repository\org\junit\platform\junit-platform-engine\1.6.0\junit-platform-engine-1.6.0.jar;C:\Users\haida\.m2\repository\org\junit\jupiter\junit-jupiter-api\5.6.0\junit-jupiter-api-5.6.0.jar;C:\Users\haida\.m2\repository\org\opentest4j\opentest4j\1.2.0\opentest4j-1.2.0.jar;C:\Users\haida\.m2\repository\org\junit\platform\junit-platform-commons\1.6.0\junit-platform-commons-1.6.0.jar;C:\Users\haida\.m2\repository\org\junit\jupiter\junit-jupiter-params\5.6.0\junit-jupiter-params-5.6.0.jar;C:\Users\haida\.m2\repository\org\openjfx\javafx-base\14-ea+4\javafx-base-14-ea+4.jar;C:\Users\haida\.m2\repository\org\openjfx\javafx-graphics\14-ea+4\javafx-graphics-14-ea+4.jar;C:\Users\haida\.m2\repository\org\openjfx\javafx-controls\14-ea+4\javafx-controls-14-ea+4.jar;C:\Users\haida\.m2\repository\org\openjfx\javafx-fxml\14-ea+4\javafx-fxml-14-ea+4.jar;C:\Users\haida\.m2\repository\org\openjfx\javafx-media\14-ea+4\javafx-media-14-ea+4.jar;C:\Users\haida\.m2\repository\org\openjfx\javafx-media\14-ea+4\javafx-media-14-ea+4-win.jar;C:\Users\haida\.m2\repository\org\openjfx\javafx-swing\14-ea+4\javafx-swing-14-ea+4.jar;C:\Users\haida\.m2\repository\org\openjfx\javafx-swing\14-ea+4\javafx-swing-14-ea+4-win.jar;C:\Users\haida\.m2\repository\org\openjfx\javafx-web\14-ea+4\javafx-web-14-ea+4.jar;C:\Users\haida\.m2\repository\org\openjfx\javafx-web\14-ea+4\javafx-web-14-ea+4-win.jar;C:\Users\haida\.m2\repository\log4j\log4j\1.2.17\log4j-1.2.17.jar;C:\Users\haida\.m2\repository\org\controlsfx\controlsfx\11.0.1\controlsfx-11.0.1.jar;"/>
    <property name="java.vm.vendor" value="JetBrains s.r.o."/>
    <property name="sun.arch.data.model" value="64"/>
    <property name="user.variant" value=""/>
    <property name="java.vendor.url" value="https://openjdk.org/"/>
    <property name="user.timezone" value="Europe/Bucharest"/>
    <property name="os.name" value="Windows 11"/>
    <property name="java.vm.specification.version" value="21"/>
    <property name="sun.java.launcher" value="SUN_STANDARD"/>
    <property name="user.country" value="US"/>
    <property name="sun.boot.library.path" value="C:\Users\haida\.jdks\jbr-21.0.5\bin"/>
    <property name="sun.java.command" value="org.apache.maven.surefire.booter.ForkedBooter C:\Users\haida\AppData\Local\Temp\surefire1304602451312088004 2025-05-06T17-20-18_448-jvmRun1 surefire17204487300722728079tmp surefire_015045372149337852773tmp"/>
    <property name="jdk.debug" value="release"/>
    <property name="surefire.test.class.path" value="D:\VVSS\VVSS\02_Inventory\target\test-classes;C:\Users\haida\.m2\repository\javax\xml\bind\jaxb-api\2.3.0\jaxb-api-2.3.0.jar;C:\Users\haida\.m2\repository\com\sun\xml\bind\jaxb-impl\2.3.0\jaxb-impl-2.3.0.jar;C:\Users\haida\.m2\repository\javax\activation\activation\1.1.1\activation-1.1.1.jar;C:\Users\haida\.m2\repository\com\sun\xml\bind\jaxb-core\2.3.0\jaxb-core-2.3.0.jar;C:\Users\haida\.m2\repository\org\mockito\mockito-core\2.23.0\mockito-core-2.23.0.jar;C:\Users\haida\.m2\repository\net\bytebuddy\byte-buddy\1.9.0\byte-buddy-1.9.0.jar;C:\Users\haida\.m2\repository\net\bytebuddy\byte-buddy-agent\1.9.0\byte-buddy-agent-1.9.0.jar;C:\Users\haida\.m2\repository\org\objenesis\objenesis\2.6\objenesis-2.6.jar;C:\Users\haida\.m2\repository\org\mockito\mockito-junit-jupiter\2.23.0\mockito-junit-jupiter-2.23.0.jar;C:\Users\haida\.m2\repository\org\junit\jupiter\junit-jupiter-engine\5.6.0\junit-jupiter-engine-5.6.0.jar;C:\Users\haida\.m2\repository\org\apiguardian\apiguardian-api\1.1.0\apiguardian-api-1.1.0.jar;C:\Users\haida\.m2\repository\org\junit\platform\junit-platform-engine\1.6.0\junit-platform-engine-1.6.0.jar;C:\Users\haida\.m2\repository\org\junit\jupiter\junit-jupiter-api\5.6.0\junit-jupiter-api-5.6.0.jar;C:\Users\haida\.m2\repository\org\opentest4j\opentest4j\1.2.0\opentest4j-1.2.0.jar;C:\Users\haida\.m2\repository\org\junit\platform\junit-platform-commons\1.6.0\junit-platform-commons-1.6.0.jar;C:\Users\haida\.m2\repository\org\junit\jupiter\junit-jupiter-params\5.6.0\junit-jupiter-params-5.6.0.jar;C:\Users\haida\.m2\repository\org\openjfx\javafx-base\14-ea+4\javafx-base-14-ea+4.jar;C:\Users\haida\.m2\repository\org\openjfx\javafx-graphics\14-ea+4\javafx-graphics-14-ea+4.jar;C:\Users\haida\.m2\repository\org\openjfx\javafx-controls\14-ea+4\javafx-controls-14-ea+4.jar;C:\Users\haida\.m2\repository\org\openjfx\javafx-fxml\14-ea+4\javafx-fxml-14-ea+4.jar;C:\Users\haida\.m2\repository\org\openjfx\javafx-media\14-ea+4\javafx-media-14-ea+4.jar;C:\Users\haida\.m2\repository\org\openjfx\javafx-media\14-ea+4\javafx-media-14-ea+4-win.jar;C:\Users\haida\.m2\repository\org\openjfx\javafx-swing\14-ea+4\javafx-swing-14-ea+4.jar;C:\Users\haida\.m2\repository\org\openjfx\javafx-swing\14-ea+4\javafx-swing-14-ea+4-win.jar;C:\Users\haida\.m2\repository\org\openjfx\javafx-web\14-ea+4\javafx-web-14-ea+4.jar;C:\Users\haida\.m2\repository\org\openjfx\javafx-web\14-ea+4\javafx-web-14-ea+4-win.jar;C:\Users\haida\.m2\repository\log4j\log4j\1.2.17\log4j-1.2.17.jar;C:\Users\haida\.m2\repository\org\controlsfx\controlsfx\11.0.1\controlsfx-11.0.1.jar;"/>
    <property name="sun.cpu.endian" value="little"/>
    <property name="user.home" value="C:\Users\haida"/>
    <property name="user.language" value="en"/>
    <property name="java.specification.vendor" value="Oracle Corporation"/>
    <property name="jdk.module.path" value="D:\VVSS\VVSS\02_Inventory\target\classes;C:\Users\haida\.m2\repository\org\openjfx\javafx-base\14-ea+4\javafx-base-14-ea+4-win.jar;C:\Users\haida\.m2\repository\org\openjfx\javafx-graphics\14-ea+4\javafx-graphics-14-ea+4-win.jar;C:\Users\haida\.m2\repository\org\openjfx\javafx-controls\14-ea+4\javafx-controls-14-ea+4-win.jar;C:\Users\haida\.m2\repository\org\openjfx\javafx-fxml\14-ea+4\javafx-fxml-14-ea+4-win.jar"/>
    <property name="java.version.date" value="2024-10-15"/>
    <property name="java.home" value="C:\Users\haida\.jdks\jbr-21.0.5"/>
    <property name="file.separator" value="\"/>
    <property name="basedir" value="D:\VVSS\VVSS\02_Inventory"/>
    <property name="java.vm.compressedOopsMode" value="Zero based"/>
    <property name="line.separator" value="&#10;"/>
    <property name="java.vm.specification.vendor" value="Oracle Corporation"/>
    <property name="java.specification.name" value="Java Platform API Specification"/>
    <property name="intellij.os.virtualization" value="none"/>
    <property name="jbr.virtualization.information" value="Hyper-V role"/>
    <property name="surefire.real.class.path" value="C:\Users\haida\.m2\repository\org\apache\maven\surefire\surefire-booter\2.22.1\surefire-booter-2.22.1.jar;C:\Users\haida\.m2\repository\org\apache\maven\surefire\surefire-api\2.22.1\surefire-api-2.22.1.jar;C:\Users\haida\.m2\repository\org\apache\maven\surefire\surefire-logger-api\2.22.1\surefire-logger-api-2.22.1.jar;D:\VVSS\VVSS\02_Inventory\target\test-classes;C:\Users\haida\.m2\repository\javax\xml\bind\jaxb-api\2.3.0\jaxb-api-2.3.0.jar;C:\Users\haida\.m2\repository\com\sun\xml\bind\jaxb-impl\2.3.0\jaxb-impl-2.3.0.jar;C:\Users\haida\.m2\repository\javax\activation\activation\1.1.1\activation-1.1.1.jar;C:\Users\haida\.m2\repository\com\sun\xml\bind\jaxb-core\2.3.0\jaxb-core-2.3.0.jar;C:\Users\haida\.m2\repository\org\mockito\mockito-core\2.23.0\mockito-core-2.23.0.jar;C:\Users\haida\.m2\repository\net\bytebuddy\byte-buddy\1.9.0\byte-buddy-1.9.0.jar;C:\Users\haida\.m2\repository\net\bytebuddy\byte-buddy-agent\1.9.0\byte-buddy-agent-1.9.0.jar;C:\Users\haida\.m2\repository\org\objenesis\objenesis\2.6\objenesis-2.6.jar;C:\Users\haida\.m2\repository\org\mockito\mockito-junit-jupiter\2.23.0\mockito-junit-jupiter-2.23.0.jar;C:\Users\haida\.m2\repository\org\junit\jupiter\junit-jupiter-engine\5.6.0\junit-jupiter-engine-5.6.0.jar;C:\Users\haida\.m2\repository\org\apiguardian\apiguardian-api\1.1.0\apiguardian-api-1.1.0.jar;C:\Users\haida\.m2\repository\org\junit\platform\junit-platform-engine\1.6.0\junit-platform-engine-1.6.0.jar;C:\Users\haida\.m2\repository\org\junit\jupiter\junit-jupiter-api\5.6.0\junit-jupiter-api-5.6.0.jar;C:\Users\haida\.m2\repository\org\opentest4j\opentest4j\1.2.0\opentest4j-1.2.0.jar;C:\Users\haida\.m2\repository\org\junit\platform\junit-platform-commons\1.6.0\junit-platform-commons-1.6.0.jar;C:\Users\haida\.m2\repository\org\junit\jupiter\junit-jupiter-params\5.6.0\junit-jupiter-params-5.6.0.jar;C:\Users\haida\.m2\repository\org\openjfx\javafx-base\14-ea+4\javafx-base-14-ea+4.jar;C:\Users\haida\.m2\repository\org\openjfx\javafx-graphics\14-ea+4\javafx-graphics-14-ea+4.jar;C:\Users\haida\.m2\repository\org\openjfx\javafx-controls\14-ea+4\javafx-controls-14-ea+4.jar;C:\Users\haida\.m2\repository\org\openjfx\javafx-fxml\14-ea+4\javafx-fxml-14-ea+4.jar;C:\Users\haida\.m2\repository\org\openjfx\javafx-media\14-ea+4\javafx-media-14-ea+4.jar;C:\Users\haida\.m2\repository\org\openjfx\javafx-media\14-ea+4\javafx-media-14-ea+4-win.jar;C:\Users\haida\.m2\repository\org\openjfx\javafx-swing\14-ea+4\javafx-swing-14-ea+4.jar;C:\Users\haida\.m2\repository\org\openjfx\javafx-swing\14-ea+4\javafx-swing-14-ea+4-win.jar;C:\Users\haida\.m2\repository\org\openjfx\javafx-web\14-ea+4\javafx-web-14-ea+4.jar;C:\Users\haida\.m2\repository\org\openjfx\javafx-web\14-ea+4\javafx-web-14-ea+4-win.jar;C:\Users\haida\.m2\repository\log4j\log4j\1.2.17\log4j-1.2.17.jar;C:\Users\haida\.m2\repository\org\controlsfx\controlsfx\11.0.1\controlsfx-11.0.1.jar;C:\Users\haida\.m2\repository\org\apache\maven\surefire\surefire-junit-platform\2.22.1\surefire-junit-platform-2.22.1.jar;C:\Users\haida\.m2\repository\org\junit\platform\junit-platform-launcher\1.3.1\junit-platform-launcher-1.3.1.jar"/>
    <property name="user.script" value=""/>
    <property name="sun.management.compiler" value="HotSpot 64-Bit Tiered Compilers"/>
    <property name="java.runtime.version" value="21.0.5+8-b631.19"/>
    <property name="user.name" value="haida"/>
    <property name="stdout.encoding" value="Cp1252"/>
    <property name="path.separator" value=";"/>
    <property name="os.version" value="10.0"/>
    <property name="java.runtime.name" value="OpenJDK Runtime Environment"/>
    <property name="file.encoding" value="UTF-8"/>
    <property name="java.vm.name" value="OpenJDK 64-Bit Server VM"/>
    <property name="java.vendor.version" value="JBR-21.0.5+8-631.19-nomod"/>
    <property name="localRepository" value="C:\Users\haida\.m2\repository"/>
    <property name="java.vendor.url.bug" value="https://bugreport.java.com/bugreport/"/>
    <property name="java.io.tmpdir" value="C:\Users\haida\AppData\Local\Temp\"/>
    <property name="idea.version" value="2024.1.7"/>
    <property name="java.version" value="21.0.5"/>
    <property name="user.dir" value="D:\VVSS\VVSS\02_Inventory"/>
    <property name="os.arch" value="amd64"/>
    <property name="java.vm.specification.name" value="Java Virtual Machine Specification"/>
    <property name="sun.os.patch.level" value=""/>
    <property name="native.encoding" value="Cp1252"/>
    <property name="java.library.path" value="C:\Users\haida\.jdks\jbr-21.0.5\bin;C:\WINDOWS\Sun\Java\bin;C:\WINDOWS\system32;C:\WINDOWS;C:\Program Files (x86)\Razer Chroma SDK\bin;C:\Program Files\Razer Chroma SDK\bin;C:\Program Files\Microsoft MPI\Bin\;C:\Program Files\Microsoft\jdk-17.0.13.11-hotspot\bin;C:\Ruby33-x64\bin;C:\Program Files\NVIDIA GPU Computing Toolkit\CUDA\v12.3\bin;C:\Program Files\NVIDIA GPU Computing Toolkit\CUDA\v12.3\libnvvp;C:\Program Files (x86)\Common Files\Oracle\Java\javapath;C:\WINDOWS\system32;C:\WINDOWS;C:\WINDOWS\System32\Wbem;C:\WINDOWS\System32\WindowsPowerShell\v1.0\;C:\WINDOWS\System32\OpenSSH\;C:\Program Files (x86)\Microsoft SQL Server\160\Tools\Binn\;C:\Program Files\Microsoft SQL Server\160\Tools\Binn\;C:\Program Files\Microsoft SQL Server\Client SDK\ODBC\170\Tools\Binn\;C:\Program Files\Microsoft SQL Server\160\DTS\Binn\;C:\Program Files (x86)\Microsoft SQL Server\160\DTS\Binn\;C:\Program Files\Azure Data Studio\bin;C:\Program Files\PuTTY\;C:\Program Files\dotnet\;C:\Program Files\Git\cmd;C:\Program Files\NVIDIA Corporation\Nsight Compute 2023.3.1\;C:\Program Files (x86)\NVIDIA Corporation\PhysX\Common;C:\Users\haida\Documents\bin;D:\nodejs\;C:\ProgramData\chocolatey\bin;C:\Program Files\Microsoft SQL Server\150\Tools\Binn\;C:\Program Files (x86)\Windows Kits\10\Windows Performance Toolkit\;C:\WINDOWS\system32\config\systemprofile\AppData\Local\Microsoft\WindowsApps;C:\Program Files (x86)\Razer\ChromaBroadcast\bin;C:\Program Files\Razer\ChromaBroadcast\bin;C:\Users\haida\AppData\Local\Programs\Python\Launcher\;C:\Users\haida\AppData\Local\Microsoft\WindowsApps;D:\Microsoft VS Code\bin;C:\Program Files\JetBrains\PyCharm 2023.2.3\bin;C:\Users\haida\AppData\Local\GitHubDesktop\bin;C:\Users\haida\.dotnet\tools;C:\Users\haida\AppData\Roaming\npm;D:\RubyMine 2024.2.1\bin;C:\msys64\ucrt64\bin;D:\Calcul Numeric\Matlab\bin;C:\Users\haida\AppData\Local\Programs\Python\Launcher\;C:\Users\haida\AppData\Local\Microsoft\WindowsApps;D:\Microsoft VS Code\bin;C:\Program Files\JetBrains\PyCharm 2023.2.3\bin;C:\Program Files\Azure Data Studio\bin;C:\Users\haida\AppData\Local\GitHubDesktop\bin;C:\Users\haida\.dotnet\tools;C:\Users\haida\AppData\Roaming\npm;D:\RubyMine 2024.2.1\bin;C:\msys64\ucrt64\bin;C:\Users\haida\AppData\Local\JetBrains\Toolbox\scripts;;."/>
    <property name="java.vm.info" value="mixed mode"/>
    <property name="stderr.encoding" value="Cp1252"/>
    <property name="java.vendor" value="JetBrains s.r.o."/>
    <property name="java.vm.version" value="21.0.5+8-b631.19"/>
    <property name="sun.io.unicode.encoding" value="UnicodeLittle"/>
    <property name="java.class.version" value="65.0"/>
  </properties>
  <testcase name="testDeletePart_WhenPartIsOnlyPartInProduct_ShouldThrowException" classname="inventory.integration.step3.InventoryServiceTest" time="0"/>
  <testcase name="testAddOutsourcePart_Successful" classname="inventory.integration.step3.InventoryServiceTest" time="0"/>
  <testcase name="testGetAllParts" classname="inventory.integration.step3.InventoryServiceTest" time="0"/>
  <testcase name="testLookupPart_CallsRepository" classname="inventory.integration.step3.InventoryServiceTest" time="0.004"/>
  <testcase name="testDeletePart_WhenPartIsNotTheOnlyPart_ShouldDeleteSuccessfully" classname="inventory.integration.step3.InventoryServiceTest" time="0"/>
  <testcase name="testGetAllParts_CallsRepository" classname="inventory.integration.step3.InventoryServiceTest" time="0"/>
  <testcase name="testUpdateOutsourcedPart_Successful" classname="inventory.integration.step3.InventoryServiceTest" time="0.004"/>
  <testcase name="testUpdateInhousePart_Successful" classname="inventory.integration.step3.InventoryServiceTest" time="0"/>
  <testcase name="testAddInhousePart_Successful" classname="inventory.integration.step3.InventoryServiceTest" time="0"/>
</testsuite>